<?xml version="1.0" encoding="UTF-8"?>
<testsuite xmlns:xsi="http://www.w3.org/2001/XMLSchema-instance" xsi:noNamespaceSchemaLocation="https://maven.apache.org/surefire/maven-surefire-plugin/xsd/surefire-test-report.xsd" name="com.example.plandeduce.PlanDeduceIntegrationTest" time="84.965" tests="26" errors="0" skipped="0" failures="0">
  <properties>
[...]
</properties>
  <testcase name="shouldReturnFullAndCumulativeIncrementalDataWhenSkippingToThirteen" classname="com.example.plandeduce.PlanDeduceIntegrationTest" time="1.737"/>
  <testcase name="shouldHandlePauseThenSwitchToThreeXThenPauseStartPauseSequence" classname="com.example.plandeduce.PlanDeduceIntegrationTest" time="2.145"/>
  <testcase name="shouldHandleOneXForFiveSecondsThenPauseSwitchToFiveXAndRunToTwentySeconds" classname="com.example.plandeduce.PlanDeduceIntegrationTest" time="2.364"/>
  <testcase name="shouldReturnProgressBarStartAndEndTimeWhenInitializing" classname="com.example.plandeduce.PlanDeduceIntegrationTest" time="0.386"/>
  <testcase name="shouldHandleRepeatedThreeXPauseResumeCyclesUntilTwentyMinutesFinish" classname="com.example.plandeduce.PlanDeduceIntegrationTest" time="51.257"/>
  <testcase name="shouldSupportDocumentedScenarioTwoFlow" classname="com.example.plandeduce.PlanDeduceIntegrationTest" time="0.246"/>
  <testcase name="shouldHonorCustomSpeedPauseAndSkip" classname="com.example.plandeduce.PlanDeduceIntegrationTest" time="1.182"/>
  <testcase name="shouldAutoPlayAfterSettingFiveXThenAllowExplicitPlayWithoutPause" classname="com.example.plandeduce.PlanDeduceIntegrationTest" time="0.971"/>
  <testcase name="shouldRejectReinitializingTaskWhileItIsExecuting" classname="com.example.plandeduce.PlanDeduceIntegrationTest" time="0.4"/>
  <testcase name="shouldKeepMultipleSessionsIsolated" classname="com.example.plandeduce.PlanDeduceIntegrationTest" time="1.233"/>
  <testcase name="shouldUseTwentyMinuteFullSnapshotWhenIntervalChanges" classname="com.example.plandeduce.PlanDeduceIntegrationTest" time="0.485"/>
  <testcase name="shouldKeepRunningWhenSpeedChangesToFiveXUntilFinish" classname="com.example.plandeduce.PlanDeduceIntegrationTest" time="0.964"/>
  <testcase name="shouldSendFinishWhenPlaybackReachesEnd" classname="com.example.plandeduce.PlanDeduceIntegrationTest" time="0.861"/>
  <testcase name="shouldAutoResumeAfterPauseThenSkipAndStillFinish" classname="com.example.plandeduce.PlanDeduceIntegrationTest" time="1.082"/>
  <testcase name="shouldStartPauseAndResumeAtOneX" classname="com.example.plandeduce.PlanDeduceIntegrationTest" time="0.898"/>
  <testcase name="shouldReleaseResourcesAfterDestroy" classname="com.example.plandeduce.PlanDeduceIntegrationTest" time="1.21"/>
  <testcase name="shouldHandleRapidSkipSpeedPauseCombinations" classname="com.example.plandeduce.PlanDeduceIntegrationTest" time="1.969"/>
  <testcase name="shouldReturnFullAndIncrementalDataWhenSkippingToEleven" classname="com.example.plandeduce.PlanDeduceIntegrationTest" time="0.482"/>
  <testcase name="shouldPauseResumeAfterFiveXAndStillFinishWithoutError" classname="com.example.plandeduce.PlanDeduceIntegrationTest" time="0.973"/>
  <testcase name="shouldSupportDocumentedScenarioThreeFlow" classname="com.example.plandeduce.PlanDeduceIntegrationTest" time="1.005"/>
  <testcase name="shouldRejectInvalidFullSaveInterval" classname="com.example.plandeduce.PlanDeduceIntegrationTest" time="0.01"/>
  <testcase name="shouldHandleOneXRunForTwoSecondsThenPauseChangeToThreeXStartAndPause" classname="com.example.plandeduce.PlanDeduceIntegrationTest" time="1.76"/>
  <testcase name="shouldPauseWhenSpeedIsZero" classname="com.example.plandeduce.PlanDeduceIntegrationTest" time="0.861"/>
  <testcase name="shouldPauseResumeAndStillReachFinish" classname="com.example.plandeduce.PlanDeduceIntegrationTest" time="1.072"/>
  <testcase name="shouldClampNegativeSkipToZero" classname="com.example.plandeduce.PlanDeduceIntegrationTest" time="0.478"/>
  <testcase name="shouldAcceptControlCommandsWithoutWebSocketConnection" classname="com.example.plandeduce.PlanDeduceIntegrationTest" time="0.01"/>
</testsuite>